<?xml version="1.0" encoding="UTF-8"?>
<!-- Generated by org.testng.reporters.JUnitXMLReporter -->
<testsuite ignored="1" hostname="LAPTOP-BDUVLNVT" failures="0" tests="2" name="Test" time="68.207" errors="0" timestamp="2024-01-08T20:32:12 IST">
  <testcase classname="coverFoxTest.CF_TC555_Validate_Error_Msg_for_healthcare_policies" name="validatePincodeErrorMsg" time="2.652"/>
  <testcase classname="coverFoxTest.CF_TC555_Validate_search_results_for_healthcare_policies" name="validateTestPlansFromTextAndBanners" time="9.674"/>
  <testcase classname="coverFoxTest.CF_TC555_Validate_search_results_for_healthcare_policies" name="validateTestPlansFromTextBannersIfNotMatch" time="0.0">
    <ignored/>
  </testcase> <!-- validateTestPlansFromTextBannersIfNotMatch -->
</testsuite> <!-- Test -->
