<?xml version="1.0" encoding="UTF-8"?>
<testng-results ignored="0" total="2" passed="2" failed="0" skipped="0">
  <reporter-output>
    <line>
      <![CDATA[Launching Browser]]>
    </line>
    <line>
      <![CDATA[TC validatePincodeErrorMsg execution is started]]>
    </line>
    <line>
      <![CDATA[Error msg is displaying]]>
    </line>
    <line>
      <![CDATA[Taking screenshot]]>
    </line>
    <line>
      <![CDATA[Saved screenshot at C:\Users\Ankita\Desktop\Velocity\Selenium\Screenshots\coverFoxTC555_Error_2024.01.08.20.31.29.png]]>
    </line>
    <line>
      <![CDATA[TC validatePincodeErrorMsg is completed successfully]]>
    </line>
    <line>
      <![CDATA[Closing Browser]]>
    </line>
    <line>
      <![CDATA[Launching Browser]]>
    </line>
    <line>
      <![CDATA[clicking on gender button ]]>
    </line>
    <line>
      <![CDATA[Clicking on next button]]>
    </line>
    <line>
      <![CDATA[Handeling age drop down ]]>
    </line>
    <line>
      <![CDATA[Clicking on next button ]]>
    </line>
    <line>
      <![CDATA[Entering pin code ]]>
    </line>
    <line>
      <![CDATA[Entering mobile num ]]>
    </line>
    <line>
      <![CDATA[Clicking on Next button]]>
    </line>
    <line>
      <![CDATA[TC validateTestPlansFromTextAndBanners execution is started]]>
    </line>
    <line>
      <![CDATA[Fetching number of results from text ]]>
    </line>
    <line>
      <![CDATA[Fetching number of results from Banners ]]>
    </line>
    <line>
      <![CDATA[TC is passed]]>
    </line>
    <line>
      <![CDATA[Taking screenshot]]>
    </line>
    <line>
      <![CDATA[Saved screenshot at C:\Users\Ankita\Desktop\Velocity\Selenium\Screenshots\coverFoxTC555_2024.01.08.20.32.10.png]]>
    </line>
    <line>
      <![CDATA[TC validateTestPlansFromTextAndBanners is completed successfully]]>
    </line>
    <line>
      <![CDATA[Closing Browser]]>
    </line>
  </reporter-output>
  <suite started-at="2024-01-08T20:31:04 IST" name="Suite" finished-at="2024-01-08T20:32:12 IST" duration-ms="68207">
    <groups>
    </groups>
    <test started-at="2024-01-08T20:31:04 IST" name="Test" finished-at="2024-01-08T20:32:12 IST" duration-ms="68207">
      <class name="coverFoxTest.CF_TC555_Validate_search_results_for_healthcare_policies">
        <test-method is-config="true" signature="luanchBrowser()[pri:0, instance:coverFoxTest.CF_TC555_Validate_search_results_for_healthcare_policies@5bf0d49]" started-at="2024-01-08T20:31:32 IST" name="luanchBrowser" finished-at="2024-01-08T20:31:51 IST" duration-ms="19098" status="PASS">
          <reporter-output>
            <line>
              <![CDATA[Launching Browser]]>
            </line>
          </reporter-output>
        </test-method> <!-- luanchBrowser -->
        <test-method is-config="true" signature="enterMemberDetails()[pri:0, instance:coverFoxTest.CF_TC555_Validate_search_results_for_healthcare_policies@5bf0d49]" started-at="2024-01-08T20:31:51 IST" name="enterMemberDetails" finished-at="2024-01-08T20:32:00 IST" duration-ms="9678" status="PASS">
          <reporter-output>
            <line>
              <![CDATA[clicking on gender button ]]>
            </line>
            <line>
              <![CDATA[Clicking on next button]]>
            </line>
            <line>
              <![CDATA[Handeling age drop down ]]>
            </line>
            <line>
              <![CDATA[Clicking on next button ]]>
            </line>
            <line>
              <![CDATA[Entering pin code ]]>
            </line>
            <line>
              <![CDATA[Entering mobile num ]]>
            </line>
            <line>
              <![CDATA[Clicking on Next button]]>
            </line>
          </reporter-output>
        </test-method> <!-- enterMemberDetails -->
        <test-method signature="validateTestPlansFromTextAndBanners()[pri:0, instance:coverFoxTest.CF_TC555_Validate_search_results_for_healthcare_policies@5bf0d49]" started-at="2024-01-08T20:32:00 IST" name="validateTestPlansFromTextAndBanners" finished-at="2024-01-08T20:32:10 IST" duration-ms="9674" status="PASS">
          <reporter-output>
            <line>
              <![CDATA[TC validateTestPlansFromTextAndBanners execution is started]]>
            </line>
            <line>
              <![CDATA[Fetching number of results from text ]]>
            </line>
            <line>
              <![CDATA[Fetching number of results from Banners ]]>
            </line>
            <line>
              <![CDATA[TC is passed]]>
            </line>
            <line>
              <![CDATA[Taking screenshot]]>
            </line>
            <line>
              <![CDATA[Saved screenshot at C:\Users\Ankita\Desktop\Velocity\Selenium\Screenshots\coverFoxTC555_2024.01.08.20.32.10.png]]>
            </line>
            <line>
              <![CDATA[TC validateTestPlansFromTextAndBanners is completed successfully]]>
            </line>
          </reporter-output>
        </test-method> <!-- validateTestPlansFromTextAndBanners -->
        <test-method is-config="true" signature="closeBrowser()[pri:0, instance:coverFoxTest.CF_TC555_Validate_search_results_for_healthcare_policies@5bf0d49]" started-at="2024-01-08T20:32:10 IST" name="closeBrowser" finished-at="2024-01-08T20:32:12 IST" duration-ms="2421" status="PASS">
          <reporter-output>
            <line>
              <![CDATA[Closing Browser]]>
            </line>
          </reporter-output>
        </test-method> <!-- closeBrowser -->
      </class> <!-- coverFoxTest.CF_TC555_Validate_search_results_for_healthcare_policies -->
      <class name="coverFoxTest.CF_TC555_Validate_Error_Msg_for_healthcare_policies">
        <test-method is-config="true" signature="luanchBrowser()[pri:0, instance:coverFoxTest.CF_TC555_Validate_Error_Msg_for_healthcare_policies@411f53a0]" started-at="2024-01-08T20:31:04 IST" name="luanchBrowser" finished-at="2024-01-08T20:31:19 IST" duration-ms="14470" status="PASS">
          <reporter-output>
            <line>
              <![CDATA[Launching Browser]]>
            </line>
          </reporter-output>
        </test-method> <!-- luanchBrowser -->
        <test-method is-config="true" signature="enterMemberDetails()[pri:0, instance:coverFoxTest.CF_TC555_Validate_Error_Msg_for_healthcare_policies@411f53a0]" started-at="2024-01-08T20:31:19 IST" name="enterMemberDetails" finished-at="2024-01-08T20:31:26 IST" duration-ms="7464" status="PASS">
          <reporter-output>
          </reporter-output>
        </test-method> <!-- enterMemberDetails -->
        <test-method signature="validatePincodeErrorMsg()[pri:0, instance:coverFoxTest.CF_TC555_Validate_Error_Msg_for_healthcare_policies@411f53a0]" started-at="2024-01-08T20:31:26 IST" name="validatePincodeErrorMsg" finished-at="2024-01-08T20:31:29 IST" duration-ms="2652" status="PASS">
          <reporter-output>
            <line>
              <![CDATA[TC validatePincodeErrorMsg execution is started]]>
            </line>
            <line>
              <![CDATA[Error msg is displaying]]>
            </line>
            <line>
              <![CDATA[Taking screenshot]]>
            </line>
            <line>
              <![CDATA[Saved screenshot at C:\Users\Ankita\Desktop\Velocity\Selenium\Screenshots\coverFoxTC555_Error_2024.01.08.20.31.29.png]]>
            </line>
            <line>
              <![CDATA[TC validatePincodeErrorMsg is completed successfully]]>
            </line>
          </reporter-output>
        </test-method> <!-- validatePincodeErrorMsg -->
        <test-method is-config="true" signature="closeBrowser()[pri:0, instance:coverFoxTest.CF_TC555_Validate_Error_Msg_for_healthcare_policies@411f53a0]" started-at="2024-01-08T20:31:29 IST" name="closeBrowser" finished-at="2024-01-08T20:31:32 IST" duration-ms="2586" status="PASS">
          <reporter-output>
            <line>
              <![CDATA[Closing Browser]]>
            </line>
          </reporter-output>
        </test-method> <!-- closeBrowser -->
      </class> <!-- coverFoxTest.CF_TC555_Validate_Error_Msg_for_healthcare_policies -->
    </test> <!-- Test -->
  </suite> <!-- Suite -->
</testng-results>
